<?xml version="1.0" encoding="UTF-8"?>
<!-- Generated by org.testng.reporters.JUnitXMLReporter -->
<testsuite ignored="2" hostname="DAKAEV_NOTEBOOK" failures="0" tests="1" name="Default test" time="9.87" errors="0" timestamp="2021-05-15T21:49:03 AEST">
  <testcase classname="testLogin.testingLogin" name="createNewAcc_Test" time="9.763"/>
  <testcase classname="testLogin.testingLogin" name="login_Test_Succesful" time="0.0">
    <ignored/>
  </testcase> <!-- login_Test_Succesful -->
  <testcase classname="testLogin.testingLogin" name="createNewAcc_Test_ExistingAcc" time="0.0">
    <ignored/>
  </testcase> <!-- createNewAcc_Test_ExistingAcc -->
</testsuite> <!-- Default test -->
