<?xml version="1.0" encoding="UTF-8"?>
<!-- Generated by org.testng.reporters.JUnitXMLReporter -->
<testsuite ignored="0" hostname="DAKAEV_NOTEBOOK" failures="0" tests="3" name="Test" time="24.417" errors="0" timestamp="2021-05-15T17:47:08 AEST">
  <testcase classname="testLogin.testingLogin" name="createNewAcc_Test_ExistingAcc" time="9.484"/>
  <testcase classname="testLogin.testingLogin" name="createNewAcc_Test_Succesful" time="7.47"/>
  <testcase classname="testLogin.testingLogin" name="login_Test_Succesful" time="7.42"/>
</testsuite> <!-- Test -->
