<?xml version="1.0" encoding="UTF-8"?>
<!-- Generated by org.testng.reporters.JUnitXMLReporter -->
<testsuite ignored="0" hostname="DAKAEV_NOTEBOOK" failures="0" tests="3" name="Test" time="25.161" errors="0" timestamp="2021-05-15T21:37:06 AEST">
  <testcase classname="testLogin.testingLogin" name="createNewAcc_Test" time="8.552"/>
  <testcase classname="testLogin.testingLogin" name="createNewAcc_Test_ExistingAcc" time="8.308"/>
  <testcase classname="testLogin.testingLogin" name="login_Test_Succesful" time="8.171"/>
</testsuite> <!-- Test -->
