<?xml version="1.0" encoding="UTF-8"?>
<testng-results ignored="0" total="3" passed="3" failed="0" skipped="0">
  <reporter-output>
  </reporter-output>
  <suite started-at="2021-05-15T21:36:41 AEST" name="Suite" finished-at="2021-05-15T21:37:06 AEST" duration-ms="25161">
    <groups>
    </groups>
    <test started-at="2021-05-15T21:36:41 AEST" name="Test" finished-at="2021-05-15T21:37:06 AEST" duration-ms="25161">
      <class name="testLogin.testingLogin">
        <test-method signature="createNewAcc_Test()[pri:0, instance:testLogin.testingLogin@d29f28]" started-at="2021-05-15T21:36:41 AEST" name="createNewAcc_Test" description="Creating new account." finished-at="2021-05-15T21:36:49 AEST" duration-ms="8552" status="PASS">
          <reporter-output>
          </reporter-output>
        </test-method> <!-- createNewAcc_Test -->
        <test-method signature="createNewAcc_Test_ExistingAcc()[pri:0, instance:testLogin.testingLogin@d29f28]" started-at="2021-05-15T21:36:49 AEST" name="createNewAcc_Test_ExistingAcc" description="Trying to create existing account." finished-at="2021-05-15T21:36:58 AEST" duration-ms="8308" status="PASS">
          <reporter-output>
          </reporter-output>
        </test-method> <!-- createNewAcc_Test_ExistingAcc -->
        <test-method signature="login_Test_Succesful()[pri:0, instance:testLogin.testingLogin@d29f28]" started-at="2021-05-15T21:36:58 AEST" name="login_Test_Succesful" description="Login succesfuly into an account." finished-at="2021-05-15T21:37:06 AEST" duration-ms="8171" status="PASS">
          <reporter-output>
          </reporter-output>
        </test-method> <!-- login_Test_Succesful -->
      </class> <!-- testLogin.testingLogin -->
    </test> <!-- Test -->
  </suite> <!-- Suite -->
</testng-results>
